INFO  @ Sat, 12 Mar 2022 21:04:46: Parameters: /Users/mac650/miniconda3/bin/mageck test -k raw_counts_edit.txt -t PATUTP2.REP1,PATUTP2.REP2 -c PATUTP1.REP1,PATUTP1.REP2 -n PATU_TP1vsTP2 
INFO  @ Sat, 12 Mar 2022 21:04:46: Welcome to MAGeCK v0.5.7. Command: test 
INFO  @ Sat, 12 Mar 2022 21:04:46: Loading count table from raw_counts_edit.txt  
INFO  @ Sat, 12 Mar 2022 21:04:46: Processing 1 lines.. 
DEBUG @ Sat, 12 Mar 2022 21:04:46: Parsing error in line 1 (usually the header line). Skip this line. 
INFO  @ Sat, 12 Mar 2022 21:04:47: Loaded 47726 records. 
INFO  @ Sat, 12 Mar 2022 21:04:47: Loading R template file: /Users/mac650/miniconda3/lib/python3.6/site-packages/mageck/plot_template.RTemplate. 
INFO  @ Sat, 12 Mar 2022 21:04:47: Loading R template file: /Users/mac650/miniconda3/lib/python3.6/site-packages/mageck/plot_template_indvgene.RTemplate. 
INFO  @ Sat, 12 Mar 2022 21:04:47: Loading Rnw template file: /Users/mac650/miniconda3/lib/python3.6/site-packages/mageck/plot_template.Rnw. 
DEBUG @ Sat, 12 Mar 2022 21:04:47: Setting up the visualization module... 
DEBUG @ Sat, 12 Mar 2022 21:04:47: Given sample labels: PATUTP2.REP1,PATUTP2.REP2 
DEBUG @ Sat, 12 Mar 2022 21:04:47: Converted index: 19 22 
INFO  @ Sat, 12 Mar 2022 21:04:47: Treatment samples:PATUTP2.REP1,PATUTP2.REP2 
INFO  @ Sat, 12 Mar 2022 21:04:47: Treatment sample index:19,22 
DEBUG @ Sat, 12 Mar 2022 21:04:47: Given sample labels: PATUTP1.REP1,PATUTP1.REP2 
DEBUG @ Sat, 12 Mar 2022 21:04:47: Converted index: 18 21 
INFO  @ Sat, 12 Mar 2022 21:04:47: Control samples:PATUTP1.REP1,PATUTP1.REP2 
INFO  @ Sat, 12 Mar 2022 21:04:47: Control sample index:18,21 
DEBUG @ Sat, 12 Mar 2022 21:04:47: Initial (total) size factor: 0.8939434923849253 0.995327473524051 0.9434076432852309 1.2244706633924671 
DEBUG @ Sat, 12 Mar 2022 21:04:47: Median factor: 0.8848095985678962 0.9849110317937138 0.9376709102684836 1.216244917215582 
INFO  @ Sat, 12 Mar 2022 21:04:47: Final size factor: 0.8848095985678962 0.9849110317937138 0.9376709102684836 1.216244917215582 
DEBUG @ Sat, 12 Mar 2022 21:04:48: Adjusted model: 1	3.0672461083503193 
INFO  @ Sat, 12 Mar 2022 21:04:48: Adjusted variance calculation: 0.0 for raw variance, 1.0 for modeling 
INFO  @ Sat, 12 Mar 2022 21:04:48: Before RRA, 0 sgRNAs are removed with zero counts in both group(s). 
INFO  @ Sat, 12 Mar 2022 21:04:48: Use qnorm to reversely calculate sgRNA scores ... 
DEBUG @ Sat, 12 Mar 2022 21:04:50: lower test FDR cutoff: 0.2962955202614927 
DEBUG @ Sat, 12 Mar 2022 21:04:50: higher test FDR cutoff: 0.3133721661149059 
INFO  @ Sat, 12 Mar 2022 21:04:50: Running command: RRA -i PATU_TP1vsTP2.plow.txt -o PATU_TP1vsTP2.gene.low.txt -p 0.2962955202614927 --skip-gene NA --skip-gene na  
INFO  @ Sat, 12 Mar 2022 21:04:55: Command message: 
INFO  @ Sat, 12 Mar 2022 21:04:55:   Welcome to RRA v 0.5.7. 
INFO  @ Sat, 12 Mar 2022 21:04:55:   Skipping gene NA for permutation ... 
INFO  @ Sat, 12 Mar 2022 21:04:55:   Skipping gene na for permutation ... 
INFO  @ Sat, 12 Mar 2022 21:04:55:   Reading input file... 
INFO  @ Sat, 12 Mar 2022 21:04:55:   Summary: 47726 sgRNAs, 4316 genes, 1 lists; skipped sgRNAs:0 
INFO  @ Sat, 12 Mar 2022 21:04:55:   Computing lo-values for each group... 
INFO  @ Sat, 12 Mar 2022 21:04:55:   Computing false discovery rate... 
INFO  @ Sat, 12 Mar 2022 21:04:55:   Permuting genes with 8 sgRNAs... 
INFO  @ Sat, 12 Mar 2022 21:04:55:   Permuting genes with 9 sgRNAs... 
INFO  @ Sat, 12 Mar 2022 21:04:55:   Permuting genes with 72 sgRNAs... 
INFO  @ Sat, 12 Mar 2022 21:04:55:   Number of genes under FDR adjustment: 4316 
INFO  @ Sat, 12 Mar 2022 21:04:55:   Saving to output file... 
INFO  @ Sat, 12 Mar 2022 21:04:55:   RRA completed. 
INFO  @ Sat, 12 Mar 2022 21:04:55:    
INFO  @ Sat, 12 Mar 2022 21:04:55: End command message. 
INFO  @ Sat, 12 Mar 2022 21:04:55: Running command: RRA -i PATU_TP1vsTP2.phigh.txt -o PATU_TP1vsTP2.gene.high.txt -p 0.3133721661149059 --skip-gene NA --skip-gene na  
INFO  @ Sat, 12 Mar 2022 21:04:59: Command message: 
INFO  @ Sat, 12 Mar 2022 21:04:59:   Welcome to RRA v 0.5.7. 
INFO  @ Sat, 12 Mar 2022 21:04:59:   Skipping gene NA for permutation ... 
INFO  @ Sat, 12 Mar 2022 21:04:59:   Skipping gene na for permutation ... 
INFO  @ Sat, 12 Mar 2022 21:04:59:   Reading input file... 
INFO  @ Sat, 12 Mar 2022 21:04:59:   Summary: 47726 sgRNAs, 4316 genes, 1 lists; skipped sgRNAs:0 
INFO  @ Sat, 12 Mar 2022 21:04:59:   Computing lo-values for each group... 
INFO  @ Sat, 12 Mar 2022 21:04:59:   Computing false discovery rate... 
INFO  @ Sat, 12 Mar 2022 21:04:59:   Permuting genes with 8 sgRNAs... 
INFO  @ Sat, 12 Mar 2022 21:04:59:   Permuting genes with 9 sgRNAs... 
INFO  @ Sat, 12 Mar 2022 21:04:59:   Permuting genes with 72 sgRNAs... 
INFO  @ Sat, 12 Mar 2022 21:04:59:   Number of genes under FDR adjustment: 4316 
INFO  @ Sat, 12 Mar 2022 21:04:59:   Saving to output file... 
INFO  @ Sat, 12 Mar 2022 21:04:59:   RRA completed. 
INFO  @ Sat, 12 Mar 2022 21:04:59:    
INFO  @ Sat, 12 Mar 2022 21:04:59: End command message. 
DEBUG @ Sat, 12 Mar 2022 21:04:59: Sorting the merged items by negative selection... 
INFO  @ Sat, 12 Mar 2022 21:04:59: Loading top 10 genes from PATU_TP1vsTP2.gene.low.txt: NCBP1control,controlNCBP1,HNRNPH1control,CDK20NCBP1,NCBP1SF3B1,AQRcontrol,MOV10NCBP1,controlPABPN1,HNRNPH1UPF2,CCNKNCBP1 
DEBUG @ Sat, 12 Mar 2022 21:04:59: Column index:3 
INFO  @ Sat, 12 Mar 2022 21:04:59: Loading top 10 genes from PATU_TP1vsTP2.gene.high.txt: controlcontrol,controlRBM27,CPSF4control,CDK19control,controlZCCHC8,CSTF2control,controlDIS3L,RNPC3control,RNPC3EXOSC8,PAN2EXOSC5 
DEBUG @ Sat, 12 Mar 2022 21:04:59: Column index:9 
INFO  @ Sat, 12 Mar 2022 21:05:00: Running command: rm PATU_TP1vsTP2.plow.txt 
INFO  @ Sat, 12 Mar 2022 21:05:00: Running command: rm PATU_TP1vsTP2.phigh.txt 
INFO  @ Sat, 12 Mar 2022 21:05:00: Running command: rm PATU_TP1vsTP2.gene.low.txt 
INFO  @ Sat, 12 Mar 2022 21:05:00: Running command: rm PATU_TP1vsTP2.gene.high.txt 
